Using pre-set license
Built from '2020.3/release' branch; Version is '2020.3.12f1 (b3b2c6512326) revision 11776710'; Using compiler version '192528614'; Build Type 'Release'
OS: 'Windows 10 Pro; OS build 19043.1348; Version 2009; 64bit' Language: 'en' Physical Memory: 16318 MB
BatchMode: 1, IsHumanControllingUs: 0, StartBugReporterOnCrash: 0, Is64bit: 1, IsPro: 0

 COMMAND LINE ARGUMENTS:
E:\Unity\2020.3.12f1\Editor\Unity.exe
-adb2
-batchMode
-noUpm
-name
AssetImportWorker0
-projectPath
C:/Users/Tai/Desktop/Unity Tutorials/Create With Code/Personal Project
-logFile
Logs/AssetImportWorker0.log
-srvPort
56661
Successfully changed project path to: C:/Users/Tai/Desktop/Unity Tutorials/Create With Code/Personal Project
C:/Users/Tai/Desktop/Unity Tutorials/Create With Code/Personal Project
Using Asset Import Pipeline V2.
Refreshing native plugins compatible for Editor in 32.31 ms, found 2 plugins.
Preloading 0 native plugins for Editor in 0.00 ms.
Initialize engine version: 2020.3.12f1 (b3b2c6512326)
[Subsystems] Discovering subsystems at path E:/Unity/2020.3.12f1/Editor/Data/Resources/UnitySubsystems
[Subsystems] Discovering subsystems at path C:/Users/Tai/Desktop/Unity Tutorials/Create With Code/Personal Project/Assets
GfxDevice: creating device client; threaded=0
Direct3D:
    Version:  Direct3D 11.0 [level 11.1]
    Renderer: NVIDIA GeForce RTX 2060 SUPER (ID=0x1f06)
    Vendor:   
    VRAM:     8031 MB
    Driver:   30.0.14.9709
Initialize mono
Mono path[0] = 'E:/Unity/2020.3.12f1/Editor/Data/Managed'
Mono path[1] = 'E:/Unity/2020.3.12f1/Editor/Data/MonoBleedingEdge/lib/mono/unityjit'
Mono config path = 'E:/Unity/2020.3.12f1/Editor/Data/MonoBleedingEdge/etc'
Using monoOptions --debugger-agent=transport=dt_socket,embedding=1,server=y,suspend=n,address=127.0.0.1:56656
Begin MonoManager ReloadAssembly
Registering precompiled unity dll's ...
Register platform support module: E:/Unity/2020.3.12f1/Editor/Data/PlaybackEngines/WindowsStandaloneSupport/UnityEditor.WindowsStandalone.Extensions.dll
Registered in 0.001342 seconds.
Native extension for WindowsStandalone target not found
Refreshing native plugins compatible for Editor in 29.80 ms, found 2 plugins.
Preloading 0 native plugins for Editor in 0.00 ms.
Mono: successfully reloaded assembly
- Completed reload, in  1.663 seconds
Platform modules already initialized, skipping
Registering precompiled user dll's ...
Registered in 0.005048 seconds.
Begin MonoManager ReloadAssembly
Native extension for WindowsStandalone target not found
Refreshing native plugins compatible for Editor in 0.36 ms, found 2 plugins.
Preloading 0 native plugins for Editor in 0.00 ms.
Mono: successfully reloaded assembly
- Completed reload, in  1.093 seconds
Platform modules already initialized, skipping
========================================================================
Worker process is ready to serve import requests
Launched and connected shader compiler UnityShaderCompiler.exe after 0.06 seconds
Refreshing native plugins compatible for Editor in 0.38 ms, found 2 plugins.
Preloading 0 native plugins for Editor in 0.00 ms.
Unloading 1386 Unused Serialized files (Serialized files now loaded: 0)
System memory in use before: 64.7 MB.
System memory in use after: 64.7 MB.

Unloading 19 unused Assets to reduce memory usage. Loaded Objects now: 1819.
Total: 2.574100 ms (FindLiveObjects: 0.213800 ms CreateObjectMapping: 0.044300 ms MarkObjects: 2.211600 ms  DeleteObjects: 0.102800 ms)

AssetImportParameters requested are different than current active one (requested -> active):
  custom:framework-win-MediaFoundation: 216162199b28c13a410421893ffa2e32 -> 
  custom:video-decoder-ogg-theora: a1e56fd34408186e4bbccfd4996cb3dc -> 
  custom:container-muxer-webm: aa71ff27fc2769a1b78a27578f13a17b -> 
  custom:container-demuxer-webm: 4f35f7cbe854078d1ac9338744f61a02 -> 
  custom:container-demuxer-ogg: 62fdf1f143b41e24485cea50d1cbac27 -> 
  custom:video-encoder-webm-vp8: eb34c28f22e8b96e1ab97ce403110664 -> 
  custom:video-decoder-webm-vp8: 9c59270c3fd7afecdb556c50c9e8de78 -> 
  custom:audio-decoder-ogg-vorbis: bf7c407c2cedff20999df2af8eb42d56 -> 
  custom:audio-encoder-webm-vorbis: bf7c407c2cedff20999df2af8eb42d56 -> 
========================================================================
Received Import Request.
  path: Assets/Materials/Blue.mat
  artifactKey: Guid(3baac36d7b52dfa4fb4fd8ad50143386) Importer(815301076,1909f56bfc062723c751e8b465ee728b)
Start importing Assets/Materials/Blue.mat using Guid(3baac36d7b52dfa4fb4fd8ad50143386) Importer(815301076,1909f56bfc062723c751e8b465ee728b)  -> (artifact id: '9714ba4f589687fc1866de5f327188a8') in 0.112738 seconds 
  Import took 0.115157 seconds .

========================================================================
Received Import Request.
  Time since last request: 0.000250 seconds.
  path: Assets/Materials/Red.mat
  artifactKey: Guid(c6579582070f68e44a26015a8800a4f0) Importer(815301076,1909f56bfc062723c751e8b465ee728b)
Start importing Assets/Materials/Red.mat using Guid(c6579582070f68e44a26015a8800a4f0) Importer(815301076,1909f56bfc062723c751e8b465ee728b)  -> (artifact id: '2ccf7e75792f56076d6abb052cb9e129') in 0.017063 seconds 
  Import took 0.019465 seconds .

========================================================================
Received Import Request.
  Time since last request: 0.000208 seconds.
  path: Assets/Materials/Yellow.mat
  artifactKey: Guid(a4e095e489a9b6a42b46de60ca28d166) Importer(815301076,1909f56bfc062723c751e8b465ee728b)
Start importing Assets/Materials/Yellow.mat using Guid(a4e095e489a9b6a42b46de60ca28d166) Importer(815301076,1909f56bfc062723c751e8b465ee728b)  -> (artifact id: 'c357f10783ad80a305ebf5d58984e807') in 0.013456 seconds 
  Import took 0.015979 seconds .

========================================================================
Received Import Request.
  Time since last request: 77.729331 seconds.
  path: Assets/Scenes/My level.unity
  artifactKey: Guid(9fc0d4010bbf28b4594072e72b8655ab) Importer(815301076,1909f56bfc062723c751e8b465ee728b)
Start importing Assets/Scenes/My level.unity using Guid(9fc0d4010bbf28b4594072e72b8655ab) Importer(815301076,1909f56bfc062723c751e8b465ee728b)  -> (artifact id: '58aeab8a8b91c0dde803660558d6c2c9') in 0.003452 seconds 
  Import took 0.006373 seconds .

========================================================================
Received Import Request.
  Time since last request: 4.830014 seconds.
  path: Assets/Backup
  artifactKey: Guid(069cfd117965e06438f7995bb3af2833) Importer(815301076,1909f56bfc062723c751e8b465ee728b)
Start importing Assets/Backup using Guid(069cfd117965e06438f7995bb3af2833) Importer(815301076,1909f56bfc062723c751e8b465ee728b)  -> (artifact id: '90afd6690a333a3025e448ab278a7427') in 0.007615 seconds 
  Import took 0.010046 seconds .

========================================================================
Received Import Request.
  Time since last request: 0.543337 seconds.
  path: Assets/Backup/Personal_V0.1.unitypackage
  artifactKey: Guid(5b663fe70a88f194c8b70d2504f4d6ab) Importer(815301076,1909f56bfc062723c751e8b465ee728b)
Start importing Assets/Backup/Personal_V0.1.unitypackage using Guid(5b663fe70a88f194c8b70d2504f4d6ab) Importer(815301076,1909f56bfc062723c751e8b465ee728b)  -> (artifact id: 'f55ffd69d7d8cba0d13754f4b31f4b3e') in 0.009433 seconds 
  Import took 0.011909 seconds .

AssetImportWorkerClient::OnTransportError - code=2 error=End of file
